SQL> SET ECHO ON;
SQL> SET LINESIZE 200;
SQL> SET PAGESIZE 200;
SQL> 
SQL> -- 1. Permitir al usuario alumno el poder consultar las tablas DEPARTAMENTO, AREA,
SQL> -- ASIGNATURA y TITULACION.
SQL> REM 1;
SQL> GRANT SELECT ON DEPARTAMENTO TO alumno;

Grant succeeded.

SQL> GRANT SELECT ON AREA TO alumno;

Grant succeeded.

SQL> GRANT SELECT ON ASIGNATURA TO alumno;

Grant succeeded.

SQL> GRANT SELECT ON TITULACION TO alumno;

Grant succeeded.

SQL> -- 2. Permitir al usuario alumno el poder insertar, modificar y borrar en las tablas
SQL> -- DEPARTAMENTO y AREA y modificar en las tablas ASIGNATURA y TITULACION.
SQL> REM 2;
SQL> GRANT INSERT, UPDATE, DELETE ON DEPARTAMENTO TO alumno;

Grant succeeded.

SQL> GRANT INSERT, UPDATE, DELETE ON AREA TO alumno;

Grant succeeded.

SQL> GRANT UPDATE ON ASIGNATURA TO alumno;

Grant succeeded.

SQL> GRANT UPDATE ON TITULACION TO alumno;

Grant succeeded.

SQL> -- 21. Listar las t-uplas de la tabla DEPARTAMENTO.
SQL> REM 21;
SQL> SELECT *
  2  FROM DEPARTAMENTO;

        CD D                                                                                                                                                                                            
---------- ------------------------------------------------------------                                                                                                                                 
         5 ECONOM??A APLICADA                                                                                                                                                                           
         1 ANALISIS MATEMATICO                                                                                                                                                                          
         2 ASTROFISICA                                                                                                                                                                                  
         3 ESTADISTICA, INVESTIGACION OPERATIVA Y COMPUTACION                                                                                                                                           
         4 MATEMATICA FUNDAMENTAL                                                                                                                                                                       

SQL> -- 22. Borrar en la tabla DEPARTAMENTO la t-upla asociada al departamento con código 2.
SQL> REM 22;
SQL> DELETE FROM DEPARTAMENTO
  2  WHERE CD = 2;

1 row deleted.

SQL> -- 23. Listar las t-uplas de la tabla AREA.
SQL> REM 23;
SQL> SELECT *
  2  FROM AREA;

       CAR AR                                                                   CD                                                                                                                      
---------- ------------------------------------------------------------ ----------                                                                                                                      
         1 ALGEBRA                                                               4                                                                                                                      
         2 ANALISIS MATEMATICO                                                   1                                                                                                                      
         5 DIDACTICA DE LA MATEMATICA                                            1                                                                                                                      
         8 MATEMATICA APLICADA                                                   1                                                                                                                      

SQL> -- 24. Listar las t-uplas de la tabla PROFESOR.
SQL> REM 24;
SQL> SELECT *
  2  FROM PROFESOR;

       DNI P                                                                   CAR CAT                                                                                                                  
---------- ------------------------------------------------------------ ---------- -----                                                                                                                
      1111 JUAN                                                                    CU                                                                                                                   
      2222 CARLOS                                                                  TU                                                                                                                   
      3333 PEDRO                                                                   TEU                                                                                                                  
      4444 MARIA                                                                   TU                                                                                                                   
      5555 IVAN                                                                  1 CEU                                                                                                                  
      6666 CARMEN                                                                  CD                                                                                                                   
      7777 MARIO                                                                 2 TU                                                                                                                   
      8888 FRANCISCO                                                             5 TU                                                                                                                   
      9999 ANGELA                                                                8 TEU                                                                                                                  
      1010 DAVID                                                                   TU                                                                                                                   
      2020 SOLEDAD                                                                 CU                                                                                                                   
      3030 JOSE MANUEL                                                             TEU                                                                                                                  
      5050 CARINA                                                                8 CEU                                                                                                                  
      4040 CARMELO                                                                 TU                                                                                                                   

14 rows selected.

SQL> -- 25. Listar las t-uplas de la tabla TITULACION.
SQL> REM 25;
SQL> SELECT *
  2  FROM TITULACION;

T    FAC                                                                                                                                                                                                
---- ------------------------------------------------------------                                                                                                                                       
GF   ESIT                                                                                                                                                                                               
GM   ESIT                                                                                                                                                                                               
GII  ESIT                                                                                                                                                                                               

SQL> -- 26. Quitar todos los privilegios concedidos al usuario alumno sobre la tabla
SQL> -- DEPARTAMENTO.
SQL> REM 26;
SQL> REVOKE ALL ON DEPARTAMENTO FROM alumno;

Revoke succeeded.

SQL> -- 27. Quitar todos los privilegios concedidos al usuario alumno.
SQL> REM 27;
SQL> REVOKE ALL PRIVILEGES FROM alumno;
REVOKE ALL PRIVILEGES FROM alumno
*
ERROR at line 1:
ORA-01031: insufficient privileges 


SQL> -- 28. Hacer permanentes los cambios.
SQL> REM 28;
SQL> COMMIT;

Commit complete.

SQL> 
SQL> spool off
